<?xml version="1.0" encoding="UTF-8"?>
<!-- Generated by org.testng.reporters.JUnitReportReporter -->
<testsuite ignored="0" hostname="DESKTOP-NFATJD6" failures="0" tests="1" name="interviewQuestions.SortArray" time="0.014" errors="0" timestamp="04 Aug 2019 13:38:42 GMT" skipped="0">
  <testcase classname="interviewQuestions.SortArray" name="sortGivenArray" time="0.014"/>
</testsuite> <!-- interviewQuestions.SortArray -->
