<?xml version="1.0" encoding="UTF-8"?>
<!-- Generated by org.testng.reporters.JUnitReportReporter -->
<testsuite ignored="0" hostname="DESKTOP-NFATJD6" failures="0" tests="1" name="calendarHandling.CalendarHandlingWithGenericMethod" time="25.463" errors="0" timestamp="06 Aug 2019 16:40:52 GMT" skipped="0">
  <testcase classname="calendarHandling.CalendarHandlingWithGenericMethod" name="handleCalendarWithGenericMethod" time="25.463"/>
</testsuite> <!-- calendarHandling.CalendarHandlingWithGenericMethod -->
