<?xml version="1.0" encoding="UTF-8"?>
<!-- Generated by org.testng.reporters.JUnitReportReporter -->
<testsuite ignored="0" hostname="DESKTOP-NFATJD6" failures="0" tests="1" name="handlingFrames.HandlingFramesTest" time="7.065" errors="0" timestamp="10 Sep 2019 12:37:11 GMT" skipped="0">
  <testcase classname="handlingFrames.HandlingFramesTest" name="handleFrame" time="7.065"/>
</testsuite> <!-- handlingFrames.HandlingFramesTest -->
