<?xml version="1.0" encoding="UTF-8"?>
<!-- Generated by org.testng.reporters.JUnitReportReporter -->
<testsuite ignored="0" hostname="DESKTOP-NFATJD6" failures="0" tests="1" name="handlingAlerts.HandlingAlerts" time="6.632" errors="0" timestamp="10 Sep 2019 12:33:58 GMT" skipped="0">
  <testcase classname="handlingAlerts.HandlingAlerts" name="alertHandle" time="6.632"/>
</testsuite> <!-- handlingAlerts.HandlingAlerts -->
