<?xml version="1.0" encoding="UTF-8"?>
<!-- Generated by org.testng.reporters.JUnitReportReporter -->
<testsuite ignored="0" hostname="DESKTOP-NFATJD6" failures="0" tests="1" name="webDriverScope.ScopeFacebook" time="104.878" errors="0" timestamp="06 Aug 2019 16:10:35 GMT" skipped="0">
  <testcase classname="webDriverScope.ScopeFacebook" name="webDriverScopeFacebook" time="104.878"/>
</testsuite> <!-- webDriverScope.ScopeFacebook -->
