<?xml version="1.0" encoding="UTF-8"?>
<!-- Generated by org.testng.reporters.JUnitReportReporter -->
<testsuite ignored="0" hostname="DESKTOP-NFATJD6" failures="0" tests="1" name="handlingTitle.TitleTest" time="7.461" errors="0" timestamp="07 Aug 2019 15:49:59 GMT" skipped="0">
  <testcase classname="handlingTitle.TitleTest" name="getTitle" time="7.461"/>
</testsuite> <!-- handlingTitle.TitleTest -->
