<?xml version="1.0" encoding="UTF-8"?>
<!-- Generated by org.testng.reporters.JUnitReportReporter -->
<testsuite ignored="0" hostname="DESKTOP-NFATJD6" failures="0" tests="1" name="interviewQuestionsWithoutMainMethod.FindDuplicateString" time="0.011" errors="0" timestamp="08 Sep 2019 19:28:41 GMT" skipped="0">
  <testcase classname="interviewQuestionsWithoutMainMethod.FindDuplicateString" name="findDuplicateString" time="0.011"/>
</testsuite> <!-- interviewQuestionsWithoutMainMethod.FindDuplicateString -->
