<?xml version="1.0" encoding="UTF-8"?>
<!-- Generated by org.testng.reporters.JUnitReportReporter -->
<testsuite ignored="0" hostname="DESKTOP-NFATJD6" failures="0" tests="1" name="dropdownHandling.dropdownTest" time="7.259" errors="0" timestamp="05 Aug 2019 19:30:32 GMT" skipped="0">
  <testcase classname="dropdownHandling.dropdownTest" name="selectFromDropdown" time="7.259"/>
</testsuite> <!-- dropdownHandling.dropdownTest -->
