<?xml version="1.0" encoding="UTF-8"?>
<!-- Generated by org.testng.reporters.JUnitReportReporter -->
<testsuite ignored="0" hostname="DESKTOP-NFATJD6" failures="0" tests="1" name="seleniumWaitsOrSynchronization.ImplicitWait" time="5.970" errors="0" timestamp="05 Aug 2019 20:11:13 GMT" skipped="0">
  <testcase classname="seleniumWaitsOrSynchronization.ImplicitWait" name="implicitWait" time="5.970"/>
</testsuite> <!-- seleniumWaitsOrSynchronization.ImplicitWait -->
