<?xml version="1.0" encoding="UTF-8"?>
<!-- Generated by org.testng.reporters.JUnitReportReporter -->
<testsuite ignored="0" hostname="DESKTOP-NFATJD6" failures="0" tests="1" name="seleniumWaitsOrSynchronization.FluentWaitTest" time="12.012" errors="0" timestamp="05 Aug 2019 22:52:56 GMT" skipped="0">
  <testcase classname="seleniumWaitsOrSynchronization.FluentWaitTest" name="fluentTest" time="12.012"/>
</testsuite> <!-- seleniumWaitsOrSynchronization.FluentWaitTest -->
