<?xml version="1.0" encoding="UTF-8"?>
<!-- Generated by org.testng.reporters.JUnitReportReporter -->
<testsuite ignored="0" hostname="DESKTOP-NFATJD6" failures="0" tests="1" name="interviewQuestions.ReverseGivenString" time="5.590" errors="0" timestamp="04 Aug 2019 14:51:24 GMT" skipped="0">
  <testcase classname="interviewQuestions.ReverseGivenString" name="reverseString" time="5.590"/>
</testsuite> <!-- interviewQuestions.ReverseGivenString -->
