<?xml version="1.0" encoding="UTF-8"?>
<!-- Generated by org.testng.reporters.JUnitReportReporter -->
<testsuite ignored="0" hostname="DESKTOP-NFATJD6" failures="0" tests="1" name="handlingMultipleWindows.HandlingMultipleWindowsAssignment" time="6.681" errors="0" timestamp="06 Aug 2019 16:32:14 GMT" skipped="0">
  <testcase classname="handlingMultipleWindows.HandlingMultipleWindowsAssignment" name="handleWindows2" time="6.681"/>
</testsuite> <!-- handlingMultipleWindows.HandlingMultipleWindowsAssignment -->
