<?xml version="1.0" encoding="UTF-8"?>
<!-- Generated by org.testng.reporters.JUnitReportReporter -->
<testsuite ignored="0" hostname="DESKTOP-NFATJD6" failures="0" tests="1" name="handlingWebTables.HandlingWebTables" time="8.988" errors="0" timestamp="06 Aug 2019 15:57:23 GMT" skipped="0">
  <testcase classname="handlingWebTables.HandlingWebTables" name="handleWebTables" time="8.988"/>
</testsuite> <!-- handlingWebTables.HandlingWebTables -->
