<?xml version="1.0" encoding="UTF-8"?>
<!-- Generated by org.testng.reporters.JUnitReportReporter -->
<testsuite ignored="0" hostname="DESKTOP-NFATJD6" failures="0" tests="1" name="mouseHover.MouseHoverTest" time="14.003" errors="0" timestamp="07 Aug 2019 12:52:26 GMT" skipped="0">
  <testcase classname="mouseHover.MouseHoverTest" name="mouseHover" time="14.003"/>
</testsuite> <!-- mouseHover.MouseHoverTest -->
