<?xml version="1.0" encoding="UTF-8"?>
<!-- Generated by org.testng.reporters.JUnitReportReporter -->
<testsuite ignored="0" hostname="DESKTOP-NFATJD6" failures="0" tests="1" name="interviewQuestionsWithMainMethod.ReverseGivenString" time="4.882" errors="0" timestamp="04 Aug 2019 19:24:43 GMT" skipped="0">
  <testcase classname="interviewQuestionsWithMainMethod.ReverseGivenString" name="reverseString" time="4.882"/>
</testsuite> <!-- interviewQuestionsWithMainMethod.ReverseGivenString -->
