<?xml version="1.0" encoding="UTF-8"?>
<!-- Generated by org.testng.reporters.JUnitReportReporter -->
<testsuite ignored="0" hostname="DESKTOP-NFATJD6" failures="0" tests="1" name="interviewQuestions.MultiplicationIfandElse" time="0.015" errors="0" timestamp="04 Aug 2019 14:34:54 GMT" skipped="0">
  <testcase classname="interviewQuestions.MultiplicationIfandElse" name="multiplicationIfElse" time="0.015"/>
</testsuite> <!-- interviewQuestions.MultiplicationIfandElse -->
