<?xml version="1.0" encoding="UTF-8"?>
<!-- Generated by org.testng.reporters.JUnitReportReporter -->
<testsuite ignored="0" hostname="DESKTOP-NFATJD6" failures="0" tests="1" name="seleniumWaitsOrSynchronization.ExplicitWaitTest" time="10.612" errors="0" timestamp="17 Aug 2019 21:15:50 GMT" skipped="0">
  <testcase classname="seleniumWaitsOrSynchronization.ExplicitWaitTest" name="explicitWait" time="10.612"/>
</testsuite> <!-- seleniumWaitsOrSynchronization.ExplicitWaitTest -->
