<?xml version="1.0" encoding="UTF-8"?>
<!-- Generated by org.testng.reporters.JUnitReportReporter -->
<testsuite ignored="0" hostname="DESKTOP-NFATJD6" failures="0" tests="1" name="interviewQuestions.UsesOfStringMethods" time="13.647" errors="0" timestamp="04 Aug 2019 03:52:45 GMT" skipped="0">
  <testcase classname="interviewQuestions.UsesOfStringMethods" name="differentStringUse" time="13.647"/>
</testsuite> <!-- interviewQuestions.UsesOfStringMethods -->
