<?xml version="1.0" encoding="UTF-8"?>
<!-- Generated by org.testng.reporters.JUnitReportReporter -->
<testsuite ignored="0" hostname="DESKTOP-NFATJD6" failures="0" tests="1" name="webDriverScope.WebDriverScopePractice" time="27.234" errors="0" timestamp="06 Aug 2019 16:24:13 GMT" skipped="0">
  <testcase classname="webDriverScope.WebDriverScopePractice" name="webDriverScoope" time="27.234"/>
</testsuite> <!-- webDriverScope.WebDriverScopePractice -->
