<?xml version="1.0" encoding="UTF-8"?>
<!-- Generated by org.testng.reporters.JUnitReportReporter -->
<testsuite ignored="0" hostname="DESKTOP-NFATJD6" failures="0" tests="1" name="handlingDropdown.AutoSuggestiveDropdowns" time="13.335" errors="0" timestamp="10 Sep 2019 13:38:22 GMT" skipped="0">
  <testcase classname="handlingDropdown.AutoSuggestiveDropdowns" name="autoSuggestiveDropdowns" time="13.335"/>
</testsuite> <!-- handlingDropdown.AutoSuggestiveDropdowns -->
