<?xml version="1.0" encoding="UTF-8"?>
<!-- Generated by org.testng.reporters.JUnitReportReporter -->
<testsuite ignored="0" hostname="DESKTOP-NFATJD6" failures="0" tests="1" name="databaseTest.TechfiosDatabaseTest" time="8.767" errors="0" timestamp="10 Sep 2019 12:19:35 GMT" skipped="0">
  <testcase classname="databaseTest.TechfiosDatabaseTest" name="techfiosDatabaseTest" time="8.767"/>
</testsuite> <!-- databaseTest.TechfiosDatabaseTest -->
