<?xml version="1.0" encoding="UTF-8"?>
<!-- Generated by org.testng.reporters.JUnitReportReporter -->
<testsuite ignored="0" hostname="DESKTOP-NFATJD6" failures="0" tests="1" name="handlingDropdown.AutoSuggestiveDropdown2" time="19.106" errors="0" timestamp="06 Aug 2019 15:49:34 GMT" skipped="0">
  <testcase classname="handlingDropdown.AutoSuggestiveDropdown2" name="autoSuggestiveDropdown2" time="19.106"/>
</testsuite> <!-- handlingDropdown.AutoSuggestiveDropdown2 -->
